<?xml version="1.0" encoding="UTF-8"?>
<testsuite xmlns:xsi="http://www.w3.org/2001/XMLSchema-instance" xsi:noNamespaceSchemaLocation="https://maven.apache.org/surefire/maven-surefire-plugin/xsd/surefire-test-report.xsd" name="app.fitbuddy.service.mapper.RoleMapperServiceTest" time="0.011" tests="10" errors="0" skipped="0" failures="0">
  <properties>
[...]
</properties>
  <testcase name="returnUpdatedExercise" classname="app.fitbuddy.service.mapper.RoleMapperServiceTest$ApplyUpdateDtoToEntity" time="0"/>
  <testcase name="updateDTOIsNull_returnNull" classname="app.fitbuddy.service.mapper.RoleMapperServiceTest$ApplyUpdateDtoToEntity" time="0.001"/>
  <testcase name="entityIsNull_returnNull" classname="app.fitbuddy.service.mapper.RoleMapperServiceTest$ApplyUpdateDtoToEntity" time="0.001"/>
  <testcase name="entityIsNull_returnNull" classname="app.fitbuddy.service.mapper.RoleMapperServiceTest$EntityToResponseDto" time="0.001"/>
  <testcase name="entitiesIsEmpty_returnEmptyList" classname="app.fitbuddy.service.mapper.RoleMapperServiceTest$EntitiesToResponseDtos" time="0.002"/>
  <testcase name="entitiesIsNull_returnEmptyList" classname="app.fitbuddy.service.mapper.RoleMapperServiceTest$EntitiesToResponseDtos" time="0.001"/>
  <testcase name="returnResponseDTOs" classname="app.fitbuddy.service.mapper.RoleMapperServiceTest$EntitiesToResponseDtos" time="0.001"/>
  <testcase name="returnResponseDTO" classname="app.fitbuddy.service.mapper.RoleMapperServiceTest$EntityToResponseDto" time="0.001"/>
  <testcase name="requestDTOIsNull_returnNull" classname="app.fitbuddy.service.mapper.RoleMapperServiceTest$RequestDtoToEntity" time="0.001"/>
  <testcase name="returnRole" classname="app.fitbuddy.service.mapper.RoleMapperServiceTest$RequestDtoToEntity" time="0"/>
</testsuite>